[2024-08-04 23:25:44] (ERROR @ {BEGET{CMSINSTALL_PATH}BEGET}/setup/includes/modinstallsettings.class.php : 146) PHP warning: fopen({BEGET{CMSINSTALL_PATH}BEGET}/core/cache/setup/settings.cache.php): Failed to open stream: No such file or directory
[2024-08-04 23:25:46] (ERROR @ {BEGET{CMSINSTALL_PATH}BEGET}/core/cache/setup/smarty/2894194f78f8133d45ca345c114b24ecc37ce927_0.file.complete.tpl.php : 30) PHP warning: Undefined array key "errors"
[2024-08-04 23:25:46] (ERROR @ {BEGET{CMSINSTALL_PATH}BEGET}/core/cache/setup/smarty/2894194f78f8133d45ca345c114b24ecc37ce927_0.file.complete.tpl.php : 30) PHP warning: Attempt to read property "value" on null

[2024-10-28 17:26:03] (ERROR in xPDO::getService @ /home/n/nikche19/nikche19.beget.tech/public_html/core/xpdo/xpdo.class.php : 1235) modRestClient::__construct is deprecated since version 2.3.0. Use the modRest classes instead.
[2024-10-28 17:26:03] (ERROR in modRestCurlClient::__construct @ /home/n/nikche19/nikche19.beget.tech/public_html/core/model/modx/rest/modrestcurlclient.class.php : 26) modRestClient::__construct is deprecated since version 2.3.0. Use the modRest classes instead.
[2024-10-28 17:26:03] (ERROR in xPDO::getService @ /home/n/nikche19/nikche19.beget.tech/public_html/core/xpdo/xpdo.class.php : 1235) modRestClient::__construct is deprecated since version 2.3.0. Use the modRest classes instead.
[2024-10-28 17:26:03] (ERROR in modRestCurlClient::__construct @ /home/n/nikche19/nikche19.beget.tech/public_html/core/model/modx/rest/modrestcurlclient.class.php : 26) modRestClient::__construct is deprecated since version 2.3.0. Use the modRest classes instead.
[2024-10-28 17:27:00] (ERROR in xPDO::getService @ /home/n/nikche19/nikche19.beget.tech/public_html/core/xpdo/xpdo.class.php : 1235) modRestClient::__construct is deprecated since version 2.3.0. Use the modRest classes instead.
[2024-10-28 17:27:00] (ERROR in modRestCurlClient::__construct @ /home/n/nikche19/nikche19.beget.tech/public_html/core/model/modx/rest/modrestcurlclient.class.php : 26) modRestClient::__construct is deprecated since version 2.3.0. Use the modRest classes instead.
[2024-10-28 17:27:00] (ERROR in xPDO::getService @ /home/n/nikche19/nikche19.beget.tech/public_html/core/xpdo/xpdo.class.php : 1235) modRestClient::__construct is deprecated since version 2.3.0. Use the modRest classes instead.
[2024-10-28 17:27:00] (ERROR in modRestCurlClient::__construct @ /home/n/nikche19/nikche19.beget.tech/public_html/core/model/modx/rest/modrestcurlclient.class.php : 26) modRestClient::__construct is deprecated since version 2.3.0. Use the modRest classes instead.
[2024-10-28 17:27:02] (ERROR in xPDO::getService @ /home/n/nikche19/nikche19.beget.tech/public_html/core/xpdo/xpdo.class.php : 1235) modRestClient::__construct is deprecated since version 2.3.0. Use the modRest classes instead.
[2024-10-28 17:27:02] (ERROR in modRestCurlClient::__construct @ /home/n/nikche19/nikche19.beget.tech/public_html/core/model/modx/rest/modrestcurlclient.class.php : 26) modRestClient::__construct is deprecated since version 2.3.0. Use the modRest classes instead.
[2024-10-28 17:27:04] (ERROR in xPDO::getService @ /home/n/nikche19/nikche19.beget.tech/public_html/core/xpdo/xpdo.class.php : 1235) modRestClient::__construct is deprecated since version 2.3.0. Use the modRest classes instead.
[2024-10-28 17:27:04] (ERROR in modRestCurlClient::__construct @ /home/n/nikche19/nikche19.beget.tech/public_html/core/model/modx/rest/modrestcurlclient.class.php : 26) modRestClient::__construct is deprecated since version 2.3.0. Use the modRest classes instead.
[2024-10-28 17:27:07] (ERROR in xPDO::getService @ /home/n/nikche19/nikche19.beget.tech/public_html/core/xpdo/xpdo.class.php : 1235) modRestClient::__construct is deprecated since version 2.3.0. Use the modRest classes instead.
[2024-10-28 17:27:07] (ERROR in modRestCurlClient::__construct @ /home/n/nikche19/nikche19.beget.tech/public_html/core/model/modx/rest/modrestcurlclient.class.php : 26) modRestClient::__construct is deprecated since version 2.3.0. Use the modRest classes instead.
[2024-10-28 17:27:07] (ERROR in xPDO::getService @ /home/n/nikche19/nikche19.beget.tech/public_html/core/xpdo/xpdo.class.php : 1235) modRestClient::__construct is deprecated since version 2.3.0. Use the modRest classes instead.
[2024-10-28 17:27:07] (ERROR in modRestCurlClient::__construct @ /home/n/nikche19/nikche19.beget.tech/public_html/core/model/modx/rest/modrestcurlclient.class.php : 26) modRestClient::__construct is deprecated since version 2.3.0. Use the modRest classes instead.
[2024-10-28 17:27:20] (ERROR in xPDO::getService @ /home/n/nikche19/nikche19.beget.tech/public_html/core/xpdo/xpdo.class.php : 1235) modRestClient::__construct is deprecated since version 2.3.0. Use the modRest classes instead.
[2024-10-28 17:27:20] (ERROR in modRestCurlClient::__construct @ /home/n/nikche19/nikche19.beget.tech/public_html/core/model/modx/rest/modrestcurlclient.class.php : 26) modRestClient::__construct is deprecated since version 2.3.0. Use the modRest classes instead.
[2024-10-28 17:27:23] (ERROR in xPDO::getService @ /home/n/nikche19/nikche19.beget.tech/public_html/core/xpdo/xpdo.class.php : 1235) modRestClient::__construct is deprecated since version 2.3.0. Use the modRest classes instead.
[2024-10-28 17:27:23] (ERROR in modRestCurlClient::__construct @ /home/n/nikche19/nikche19.beget.tech/public_html/core/model/modx/rest/modrestcurlclient.class.php : 26) modRestClient::__construct is deprecated since version 2.3.0. Use the modRest classes instead.
[2024-10-28 17:27:27] (ERROR in xPDO::getService @ /home/n/nikche19/nikche19.beget.tech/public_html/core/xpdo/xpdo.class.php : 1235) modRestClient::__construct is deprecated since version 2.3.0. Use the modRest classes instead.
[2024-10-28 17:27:27] (ERROR in modRestCurlClient::__construct @ /home/n/nikche19/nikche19.beget.tech/public_html/core/model/modx/rest/modrestcurlclient.class.php : 26) modRestClient::__construct is deprecated since version 2.3.0. Use the modRest classes instead.
[2024-10-28 17:27:27] (ERROR in xPDO::getService @ /home/n/nikche19/nikche19.beget.tech/public_html/core/xpdo/xpdo.class.php : 1235) modRestClient::__construct is deprecated since version 2.3.0. Use the modRest classes instead.
[2024-10-28 17:27:27] (ERROR in modRestCurlClient::__construct @ /home/n/nikche19/nikche19.beget.tech/public_html/core/model/modx/rest/modrestcurlclient.class.php : 26) modRestClient::__construct is deprecated since version 2.3.0. Use the modRest classes instead.
[2024-10-28 17:27:33] (ERROR in xPDO::getService @ /home/n/nikche19/nikche19.beget.tech/public_html/core/xpdo/xpdo.class.php : 1235) modRestClient::__construct is deprecated since version 2.3.0. Use the modRest classes instead.
[2024-10-28 17:27:33] (ERROR in modRestCurlClient::__construct @ /home/n/nikche19/nikche19.beget.tech/public_html/core/model/modx/rest/modrestcurlclient.class.php : 26) modRestClient::__construct is deprecated since version 2.3.0. Use the modRest classes instead.
[2024-10-28 17:27:34] (ERROR in xPDO::getService @ /home/n/nikche19/nikche19.beget.tech/public_html/core/xpdo/xpdo.class.php : 1235) modRestClient::__construct is deprecated since version 2.3.0. Use the modRest classes instead.
[2024-10-28 17:27:34] (ERROR in modRestCurlClient::__construct @ /home/n/nikche19/nikche19.beget.tech/public_html/core/model/modx/rest/modrestcurlclient.class.php : 26) modRestClient::__construct is deprecated since version 2.3.0. Use the modRest classes instead.
[2024-10-28 17:27:37] (ERROR in xPDO::getService @ /home/n/nikche19/nikche19.beget.tech/public_html/core/xpdo/xpdo.class.php : 1235) modRestClient::__construct is deprecated since version 2.3.0. Use the modRest classes instead.
[2024-10-28 17:27:37] (ERROR in modRestCurlClient::__construct @ /home/n/nikche19/nikche19.beget.tech/public_html/core/model/modx/rest/modrestcurlclient.class.php : 26) modRestClient::__construct is deprecated since version 2.3.0. Use the modRest classes instead.
[2024-10-28 17:27:37] (ERROR in xPDO::getService @ /home/n/nikche19/nikche19.beget.tech/public_html/core/xpdo/xpdo.class.php : 1235) modRestClient::__construct is deprecated since version 2.3.0. Use the modRest classes instead.
[2024-10-28 17:27:37] (ERROR in modRestCurlClient::__construct @ /home/n/nikche19/nikche19.beget.tech/public_html/core/model/modx/rest/modrestcurlclient.class.php : 26) modRestClient::__construct is deprecated since version 2.3.0. Use the modRest classes instead.
[2024-10-28 17:28:26] (ERROR in xPDO::getService @ /home/n/nikche19/nikche19.beget.tech/public_html/core/xpdo/xpdo.class.php : 1235) modRestClient::__construct is deprecated since version 2.3.0. Use the modRest classes instead.
[2024-10-28 17:28:26] (ERROR in modRestCurlClient::__construct @ /home/n/nikche19/nikche19.beget.tech/public_html/core/model/modx/rest/modrestcurlclient.class.php : 26) modRestClient::__construct is deprecated since version 2.3.0. Use the modRest classes instead.
[2024-10-28 17:28:32] (ERROR in xPDO::getService @ /home/n/nikche19/nikche19.beget.tech/public_html/core/xpdo/xpdo.class.php : 1235) modRestClient::__construct is deprecated since version 2.3.0. Use the modRest classes instead.
[2024-10-28 17:28:32] (ERROR in modRestCurlClient::__construct @ /home/n/nikche19/nikche19.beget.tech/public_html/core/model/modx/rest/modrestcurlclient.class.php : 26) modRestClient::__construct is deprecated since version 2.3.0. Use the modRest classes instead.
[2024-10-28 17:28:34] (ERROR in xPDO::getService @ /home/n/nikche19/nikche19.beget.tech/public_html/core/xpdo/xpdo.class.php : 1235) modRestClient::__construct is deprecated since version 2.3.0. Use the modRest classes instead.
[2024-10-28 17:28:34] (ERROR in modRestCurlClient::__construct @ /home/n/nikche19/nikche19.beget.tech/public_html/core/model/modx/rest/modrestcurlclient.class.php : 26) modRestClient::__construct is deprecated since version 2.3.0. Use the modRest classes instead.
[2024-10-28 17:28:37] (ERROR in xPDO::getService @ /home/n/nikche19/nikche19.beget.tech/public_html/core/xpdo/xpdo.class.php : 1235) modRestClient::__construct is deprecated since version 2.3.0. Use the modRest classes instead.
[2024-10-28 17:28:37] (ERROR in modRestCurlClient::__construct @ /home/n/nikche19/nikche19.beget.tech/public_html/core/model/modx/rest/modrestcurlclient.class.php : 26) modRestClient::__construct is deprecated since version 2.3.0. Use the modRest classes instead.
[2024-10-28 17:28:37] (ERROR in xPDO::getService @ /home/n/nikche19/nikche19.beget.tech/public_html/core/xpdo/xpdo.class.php : 1235) modRestClient::__construct is deprecated since version 2.3.0. Use the modRest classes instead.
[2024-10-28 17:28:37] (ERROR in modRestCurlClient::__construct @ /home/n/nikche19/nikche19.beget.tech/public_html/core/model/modx/rest/modrestcurlclient.class.php : 26) modRestClient::__construct is deprecated since version 2.3.0. Use the modRest classes instead.
[2024-10-28 17:28:40] (ERROR in xPDO::getService @ /home/n/nikche19/nikche19.beget.tech/public_html/core/xpdo/xpdo.class.php : 1235) modRestClient::__construct is deprecated since version 2.3.0. Use the modRest classes instead.
[2024-10-28 17:28:40] (ERROR in modRestCurlClient::__construct @ /home/n/nikche19/nikche19.beget.tech/public_html/core/model/modx/rest/modrestcurlclient.class.php : 26) modRestClient::__construct is deprecated since version 2.3.0. Use the modRest classes instead.
[2024-10-28 17:28:43] (ERROR in xPDO::getService @ /home/n/nikche19/nikche19.beget.tech/public_html/core/xpdo/xpdo.class.php : 1235) modRestClient::__construct is deprecated since version 2.3.0. Use the modRest classes instead.
[2024-10-28 17:28:43] (ERROR in modRestCurlClient::__construct @ /home/n/nikche19/nikche19.beget.tech/public_html/core/model/modx/rest/modrestcurlclient.class.php : 26) modRestClient::__construct is deprecated since version 2.3.0. Use the modRest classes instead.
[2024-10-28 17:28:45] (ERROR in xPDO::getService @ /home/n/nikche19/nikche19.beget.tech/public_html/core/xpdo/xpdo.class.php : 1235) modRestClient::__construct is deprecated since version 2.3.0. Use the modRest classes instead.
[2024-10-28 17:28:45] (ERROR in modRestCurlClient::__construct @ /home/n/nikche19/nikche19.beget.tech/public_html/core/model/modx/rest/modrestcurlclient.class.php : 26) modRestClient::__construct is deprecated since version 2.3.0. Use the modRest classes instead.
[2024-10-28 17:28:48] (ERROR in xPDO::getService @ /home/n/nikche19/nikche19.beget.tech/public_html/core/xpdo/xpdo.class.php : 1235) modRestClient::__construct is deprecated since version 2.3.0. Use the modRest classes instead.
[2024-10-28 17:28:48] (ERROR in modRestCurlClient::__construct @ /home/n/nikche19/nikche19.beget.tech/public_html/core/model/modx/rest/modrestcurlclient.class.php : 26) modRestClient::__construct is deprecated since version 2.3.0. Use the modRest classes instead.
[2024-10-28 17:28:48] (ERROR in xPDO::getService @ /home/n/nikche19/nikche19.beget.tech/public_html/core/xpdo/xpdo.class.php : 1235) modRestClient::__construct is deprecated since version 2.3.0. Use the modRest classes instead.
[2024-10-28 17:28:48] (ERROR in modRestCurlClient::__construct @ /home/n/nikche19/nikche19.beget.tech/public_html/core/model/modx/rest/modrestcurlclient.class.php : 26) modRestClient::__construct is deprecated since version 2.3.0. Use the modRest classes instead.
[2024-10-28 17:30:39] (ERROR in xPDO::getService @ /home/n/nikche19/nikche19.beget.tech/public_html/core/xpdo/xpdo.class.php : 1235) modRestClient::__construct is deprecated since version 2.3.0. Use the modRest classes instead.
[2024-10-28 17:30:39] (ERROR in modRestCurlClient::__construct @ /home/n/nikche19/nikche19.beget.tech/public_html/core/model/modx/rest/modrestcurlclient.class.php : 26) modRestClient::__construct is deprecated since version 2.3.0. Use the modRest classes instead.
[2024-10-28 17:30:52] (ERROR in xPDO::getService @ /home/n/nikche19/nikche19.beget.tech/public_html/core/xpdo/xpdo.class.php : 1235) modRestClient::__construct is deprecated since version 2.3.0. Use the modRest classes instead.
[2024-10-28 17:30:52] (ERROR in modRestCurlClient::__construct @ /home/n/nikche19/nikche19.beget.tech/public_html/core/model/modx/rest/modrestcurlclient.class.php : 26) modRestClient::__construct is deprecated since version 2.3.0. Use the modRest classes instead.
[2024-10-28 17:30:59] (ERROR in xPDO::getService @ /home/n/nikche19/nikche19.beget.tech/public_html/core/xpdo/xpdo.class.php : 1235) modRestClient::__construct is deprecated since version 2.3.0. Use the modRest classes instead.
[2024-10-28 17:30:59] (ERROR in modRestCurlClient::__construct @ /home/n/nikche19/nikche19.beget.tech/public_html/core/model/modx/rest/modrestcurlclient.class.php : 26) modRestClient::__construct is deprecated since version 2.3.0. Use the modRest classes instead.
[2024-10-28 17:31:09] (ERROR in xPDO::getService @ /home/n/nikche19/nikche19.beget.tech/public_html/core/xpdo/xpdo.class.php : 1235) modRestClient::__construct is deprecated since version 2.3.0. Use the modRest classes instead.
[2024-10-28 17:31:09] (ERROR in modRestCurlClient::__construct @ /home/n/nikche19/nikche19.beget.tech/public_html/core/model/modx/rest/modrestcurlclient.class.php : 26) modRestClient::__construct is deprecated since version 2.3.0. Use the modRest classes instead.
[2024-10-28 17:31:11] (ERROR in xPDO::getService @ /home/n/nikche19/nikche19.beget.tech/public_html/core/xpdo/xpdo.class.php : 1235) modRestClient::__construct is deprecated since version 2.3.0. Use the modRest classes instead.
[2024-10-28 17:31:11] (ERROR in modRestCurlClient::__construct @ /home/n/nikche19/nikche19.beget.tech/public_html/core/model/modx/rest/modrestcurlclient.class.php : 26) modRestClient::__construct is deprecated since version 2.3.0. Use the modRest classes instead.
[2024-10-28 17:31:11] (ERROR in xPDO::getService @ /home/n/nikche19/nikche19.beget.tech/public_html/core/xpdo/xpdo.class.php : 1235) modRestClient::__construct is deprecated since version 2.3.0. Use the modRest classes instead.
[2024-10-28 17:31:11] (ERROR in modRestCurlClient::__construct @ /home/n/nikche19/nikche19.beget.tech/public_html/core/model/modx/rest/modrestcurlclient.class.php : 26) modRestClient::__construct is deprecated since version 2.3.0. Use the modRest classes instead.
[2024-10-28 17:31:20] (ERROR in xPDO::getService @ /home/n/nikche19/nikche19.beget.tech/public_html/core/xpdo/xpdo.class.php : 1235) modRestClient::__construct is deprecated since version 2.3.0. Use the modRest classes instead.
[2024-10-28 17:31:20] (ERROR in modRestCurlClient::__construct @ /home/n/nikche19/nikche19.beget.tech/public_html/core/model/modx/rest/modrestcurlclient.class.php : 26) modRestClient::__construct is deprecated since version 2.3.0. Use the modRest classes instead.
[2024-10-28 17:31:21] (ERROR in xPDO::getService @ /home/n/nikche19/nikche19.beget.tech/public_html/core/xpdo/xpdo.class.php : 1235) modRestClient::__construct is deprecated since version 2.3.0. Use the modRest classes instead.
[2024-10-28 17:31:21] (ERROR in modRestCurlClient::__construct @ /home/n/nikche19/nikche19.beget.tech/public_html/core/model/modx/rest/modrestcurlclient.class.php : 26) modRestClient::__construct is deprecated since version 2.3.0. Use the modRest classes instead.
[2024-10-28 17:31:24] (ERROR in xPDO::getService @ /home/n/nikche19/nikche19.beget.tech/public_html/core/xpdo/xpdo.class.php : 1235) modRestClient::__construct is deprecated since version 2.3.0. Use the modRest classes instead.
[2024-10-28 17:31:24] (ERROR in modRestCurlClient::__construct @ /home/n/nikche19/nikche19.beget.tech/public_html/core/model/modx/rest/modrestcurlclient.class.php : 26) modRestClient::__construct is deprecated since version 2.3.0. Use the modRest classes instead.
[2024-10-28 17:31:24] (ERROR in xPDO::getService @ /home/n/nikche19/nikche19.beget.tech/public_html/core/xpdo/xpdo.class.php : 1235) modRestClient::__construct is deprecated since version 2.3.0. Use the modRest classes instead.
[2024-10-28 17:31:24] (ERROR in modRestCurlClient::__construct @ /home/n/nikche19/nikche19.beget.tech/public_html/core/model/modx/rest/modrestcurlclient.class.php : 26) modRestClient::__construct is deprecated since version 2.3.0. Use the modRest classes instead.
[2024-10-28 17:31:28] (ERROR in xPDO::getService @ /home/n/nikche19/nikche19.beget.tech/public_html/core/xpdo/xpdo.class.php : 1235) modRestClient::__construct is deprecated since version 2.3.0. Use the modRest classes instead.
[2024-10-28 17:31:28] (ERROR in modRestCurlClient::__construct @ /home/n/nikche19/nikche19.beget.tech/public_html/core/model/modx/rest/modrestcurlclient.class.php : 26) modRestClient::__construct is deprecated since version 2.3.0. Use the modRest classes instead.
[2024-10-28 17:31:35] (ERROR in xPDO::getService @ /home/n/nikche19/nikche19.beget.tech/public_html/core/xpdo/xpdo.class.php : 1235) modRestClient::__construct is deprecated since version 2.3.0. Use the modRest classes instead.
[2024-10-28 17:31:35] (ERROR in modRestCurlClient::__construct @ /home/n/nikche19/nikche19.beget.tech/public_html/core/model/modx/rest/modrestcurlclient.class.php : 26) modRestClient::__construct is deprecated since version 2.3.0. Use the modRest classes instead.
[2024-10-28 17:31:54] (ERROR in xPDO::getService @ /home/n/nikche19/nikche19.beget.tech/public_html/core/xpdo/xpdo.class.php : 1235) modRestClient::__construct is deprecated since version 2.3.0. Use the modRest classes instead.
[2024-10-28 17:31:54] (ERROR in modRestCurlClient::__construct @ /home/n/nikche19/nikche19.beget.tech/public_html/core/model/modx/rest/modrestcurlclient.class.php : 26) modRestClient::__construct is deprecated since version 2.3.0. Use the modRest classes instead.
[2024-10-28 17:31:54] (ERROR in xPDO::getService @ /home/n/nikche19/nikche19.beget.tech/public_html/core/xpdo/xpdo.class.php : 1235) modRestClient::__construct is deprecated since version 2.3.0. Use the modRest classes instead.
[2024-10-28 17:31:54] (ERROR in modRestCurlClient::__construct @ /home/n/nikche19/nikche19.beget.tech/public_html/core/model/modx/rest/modrestcurlclient.class.php : 26) modRestClient::__construct is deprecated since version 2.3.0. Use the modRest classes instead.
[2024-10-28 17:31:54] (ERROR in xPDO::getService @ /home/n/nikche19/nikche19.beget.tech/public_html/core/xpdo/xpdo.class.php : 1235) modRestClient::__construct is deprecated since version 2.3.0. Use the modRest classes instead.
[2024-10-28 17:31:54] (ERROR in modRestCurlClient::__construct @ /home/n/nikche19/nikche19.beget.tech/public_html/core/model/modx/rest/modrestcurlclient.class.php : 26) modRestClient::__construct is deprecated since version 2.3.0. Use the modRest classes instead.
[2024-10-28 17:31:54] (ERROR in xPDO::getService @ /home/n/nikche19/nikche19.beget.tech/public_html/core/xpdo/xpdo.class.php : 1235) modRestClient::__construct is deprecated since version 2.3.0. Use the modRest classes instead.
[2024-10-28 17:31:54] (ERROR in modRestCurlClient::__construct @ /home/n/nikche19/nikche19.beget.tech/public_html/core/model/modx/rest/modrestcurlclient.class.php : 26) modRestClient::__construct is deprecated since version 2.3.0. Use the modRest classes instead.
[2024-10-28 17:31:58] (ERROR in xPDO::getService @ /home/n/nikche19/nikche19.beget.tech/public_html/core/xpdo/xpdo.class.php : 1235) modRestClient::__construct is deprecated since version 2.3.0. Use the modRest classes instead.
[2024-10-28 17:31:58] (ERROR in modRestCurlClient::__construct @ /home/n/nikche19/nikche19.beget.tech/public_html/core/model/modx/rest/modrestcurlclient.class.php : 26) modRestClient::__construct is deprecated since version 2.3.0. Use the modRest classes instead.
[2024-10-28 17:32:00] (ERROR in xPDO::getService @ /home/n/nikche19/nikche19.beget.tech/public_html/core/xpdo/xpdo.class.php : 1235) modRestClient::__construct is deprecated since version 2.3.0. Use the modRest classes instead.
[2024-10-28 17:32:00] (ERROR in modRestCurlClient::__construct @ /home/n/nikche19/nikche19.beget.tech/public_html/core/model/modx/rest/modrestcurlclient.class.php : 26) modRestClient::__construct is deprecated since version 2.3.0. Use the modRest classes instead.
[2024-10-28 17:32:03] (ERROR in xPDO::getService @ /home/n/nikche19/nikche19.beget.tech/public_html/core/xpdo/xpdo.class.php : 1235) modRestClient::__construct is deprecated since version 2.3.0. Use the modRest classes instead.
[2024-10-28 17:32:03] (ERROR in modRestCurlClient::__construct @ /home/n/nikche19/nikche19.beget.tech/public_html/core/model/modx/rest/modrestcurlclient.class.php : 26) modRestClient::__construct is deprecated since version 2.3.0. Use the modRest classes instead.
[2024-10-28 17:32:03] (ERROR in xPDO::getService @ /home/n/nikche19/nikche19.beget.tech/public_html/core/xpdo/xpdo.class.php : 1235) modRestClient::__construct is deprecated since version 2.3.0. Use the modRest classes instead.
[2024-10-28 17:32:03] (ERROR in modRestCurlClient::__construct @ /home/n/nikche19/nikche19.beget.tech/public_html/core/model/modx/rest/modrestcurlclient.class.php : 26) modRestClient::__construct is deprecated since version 2.3.0. Use the modRest classes instead.
[2024-10-28 17:32:09] (ERROR in xPDO::getService @ /home/n/nikche19/nikche19.beget.tech/public_html/core/xpdo/xpdo.class.php : 1235) modRestClient::__construct is deprecated since version 2.3.0. Use the modRest classes instead.
[2024-10-28 17:32:09] (ERROR in modRestCurlClient::__construct @ /home/n/nikche19/nikche19.beget.tech/public_html/core/model/modx/rest/modrestcurlclient.class.php : 26) modRestClient::__construct is deprecated since version 2.3.0. Use the modRest classes instead.
[2024-10-28 17:32:43] (ERROR in xPDO::getService @ /home/n/nikche19/nikche19.beget.tech/public_html/core/xpdo/xpdo.class.php : 1235) modRestClient::__construct is deprecated since version 2.3.0. Use the modRest classes instead.
[2024-10-28 17:32:43] (ERROR in modRestCurlClient::__construct @ /home/n/nikche19/nikche19.beget.tech/public_html/core/model/modx/rest/modrestcurlclient.class.php : 26) modRestClient::__construct is deprecated since version 2.3.0. Use the modRest classes instead.
[2024-10-28 17:32:50] (ERROR in xPDO::getService @ /home/n/nikche19/nikche19.beget.tech/public_html/core/xpdo/xpdo.class.php : 1235) modRestClient::__construct is deprecated since version 2.3.0. Use the modRest classes instead.
[2024-10-28 17:32:50] (ERROR in modRestCurlClient::__construct @ /home/n/nikche19/nikche19.beget.tech/public_html/core/model/modx/rest/modrestcurlclient.class.php : 26) modRestClient::__construct is deprecated since version 2.3.0. Use the modRest classes instead.
[2024-10-28 17:32:58] (ERROR in xPDO::getService @ /home/n/nikche19/nikche19.beget.tech/public_html/core/xpdo/xpdo.class.php : 1235) modRestClient::__construct is deprecated since version 2.3.0. Use the modRest classes instead.
[2024-10-28 17:32:58] (ERROR in modRestCurlClient::__construct @ /home/n/nikche19/nikche19.beget.tech/public_html/core/model/modx/rest/modrestcurlclient.class.php : 26) modRestClient::__construct is deprecated since version 2.3.0. Use the modRest classes instead.
[2024-10-28 17:33:03] (ERROR in xPDO::getService @ /home/n/nikche19/nikche19.beget.tech/public_html/core/xpdo/xpdo.class.php : 1235) modRestClient::__construct is deprecated since version 2.3.0. Use the modRest classes instead.
[2024-10-28 17:33:03] (ERROR in modRestCurlClient::__construct @ /home/n/nikche19/nikche19.beget.tech/public_html/core/model/modx/rest/modrestcurlclient.class.php : 26) modRestClient::__construct is deprecated since version 2.3.0. Use the modRest classes instead.
[2024-10-28 17:33:09] (ERROR in xPDO::getService @ /home/n/nikche19/nikche19.beget.tech/public_html/core/xpdo/xpdo.class.php : 1235) modRestClient::__construct is deprecated since version 2.3.0. Use the modRest classes instead.
[2024-10-28 17:33:09] (ERROR in modRestCurlClient::__construct @ /home/n/nikche19/nikche19.beget.tech/public_html/core/model/modx/rest/modrestcurlclient.class.php : 26) modRestClient::__construct is deprecated since version 2.3.0. Use the modRest classes instead.
[2024-10-28 17:33:19] (ERROR in xPDO::getService @ /home/n/nikche19/nikche19.beget.tech/public_html/core/xpdo/xpdo.class.php : 1235) modRestClient::__construct is deprecated since version 2.3.0. Use the modRest classes instead.
[2024-10-28 17:33:19] (ERROR in modRestCurlClient::__construct @ /home/n/nikche19/nikche19.beget.tech/public_html/core/model/modx/rest/modrestcurlclient.class.php : 26) modRestClient::__construct is deprecated since version 2.3.0. Use the modRest classes instead.
